<?xml version="1.0" encoding="UTF-8"?>
<testng-results ignored="0" total="4" passed="3" failed="1" skipped="0">
  <reporter-output>
  </reporter-output>
  <suite started-at="2022-12-14T13:35:44 IST" name="Regression Suite" finished-at="2022-12-14T13:37:18 IST" duration-ms="93412">
    <groups>
      <group name="Regression">
        <method signature="TC_1_TextBox.textBox(java.lang.String,java.lang.String)[pri:0, instance:com.testcases.TC_1_TextBox@74bf1791]" name="textBox" class="com.testcases.TC_1_TextBox"/>
        <method signature="TC_4_Widgets.widgets()[pri:0, instance:com.testcases.TC_4_Widgets@7ae42ce3]" name="widgets" class="com.testcases.TC_4_Widgets"/>
      </group> <!-- Regression -->
      <group name="Smoke">
        <method signature="TC_2_WebTable.webTable(java.lang.String,java.lang.String,java.lang.String,java.lang.String,java.lang.String,java.lang.String)[pri:0, instance:com.testcases.TC_2_WebTable@673be18f]" name="webTable" class="com.testcases.TC_2_WebTable"/>
        <method signature="TC_3_PageForm.pageForm()[pri:0, instance:com.testcases.TC_3_PageForm@58326051]" name="pageForm" class="com.testcases.TC_3_PageForm"/>
      </group> <!-- Smoke -->
    </groups>
    <test started-at="2022-12-14T13:35:44 IST" name="TextBox Module" finished-at="2022-12-14T13:36:36 IST" duration-ms="51530">
      <class name="com.testcases.TC_1_TextBox">
        <test-method is-config="true" signature="setUp()[pri:0, instance:com.testcases.TC_1_TextBox@74bf1791]" started-at="2022-12-14T13:35:44 IST" name="setUp" finished-at="2022-12-14T13:35:58 IST" duration-ms="13269" status="PASS">
          <reporter-output>
          </reporter-output>
        </test-method> <!-- setUp -->
        <test-method signature="textBox(java.lang.String,java.lang.String)[pri:0, instance:com.testcases.TC_1_TextBox@74bf1791]" started-at="2022-12-14T13:35:58 IST" name="textBox" data-provider="TC_1_TextBoxData" finished-at="2022-12-14T13:36:36 IST" duration-ms="38081" status="FAIL">
          <params>
            <param index="0">
              <value>
                <![CDATA[Sateesh]]>
              </value>
            </param>
            <param index="1">
              <value>
                <![CDATA[Sateesh.Janapana@suneratech.com]]>
              </value>
            </param>
          </params>
          <exception class="org.openqa.selenium.TimeoutException">
            <message>
              <![CDATA[Expected condition failed: waiting for visibility of Proxy element for: DefaultElementLocator 'By.id: userName' (tried for 30 second(s) with 500 milliseconds interval)]]>
            </message>
            <full-stacktrace>
              <![CDATA[org.openqa.selenium.TimeoutException: Expected condition failed: waiting for visibility of Proxy element for: DefaultElementLocator 'By.id: userName' (tried for 30 second(s) with 500 milliseconds interval)
at org.openqa.selenium.support.ui.WebDriverWait.timeoutException(WebDriverWait.java:87)
at org.openqa.selenium.support.ui.FluentWait.until(FluentWait.java:231)
at com.testcases.BaseClass.explicitWait(BaseClass.java:43)
at com.testcases.TC_1_TextBox.textBox(TC_1_TextBox.java:23)
at java.base/jdk.internal.reflect.NativeMethodAccessorImpl.invoke0(Native Method)
at java.base/jdk.internal.reflect.NativeMethodAccessorImpl.invoke(NativeMethodAccessorImpl.java:77)
at java.base/jdk.internal.reflect.DelegatingMethodAccessorImpl.invoke(DelegatingMethodAccessorImpl.java:43)
at java.base/java.lang.reflect.Method.invoke(Method.java:568)
at org.testng.internal.invokers.MethodInvocationHelper.invokeMethod(MethodInvocationHelper.java:139)
at org.testng.internal.invokers.TestInvoker.invokeMethod(TestInvoker.java:677)
at org.testng.internal.invokers.TestInvoker.invokeTestMethod(TestInvoker.java:221)
at org.testng.internal.invokers.MethodRunner.runInSequence(MethodRunner.java:50)
at org.testng.internal.invokers.TestInvoker$MethodInvocationAgent.invoke(TestInvoker.java:962)
at org.testng.internal.invokers.TestInvoker.invokeTestMethods(TestInvoker.java:194)
at org.testng.internal.invokers.TestMethodWorker.invokeTestMethods(TestMethodWorker.java:148)
at org.testng.internal.invokers.TestMethodWorker.run(TestMethodWorker.java:128)
at java.base/java.util.ArrayList.forEach(ArrayList.java:1511)
at org.testng.TestRunner.privateRun(TestRunner.java:806)
at org.testng.TestRunner.run(TestRunner.java:601)
at org.testng.SuiteRunner.runTest(SuiteRunner.java:433)
at org.testng.SuiteRunner.runSequentially(SuiteRunner.java:427)
at org.testng.SuiteRunner.privateRun(SuiteRunner.java:387)
at org.testng.SuiteRunner.run(SuiteRunner.java:330)
at org.testng.SuiteRunnerWorker.runSuite(SuiteRunnerWorker.java:52)
at org.testng.SuiteRunnerWorker.run(SuiteRunnerWorker.java:95)
at org.testng.TestNG.runSuitesSequentially(TestNG.java:1256)
at org.testng.TestNG.runSuitesLocally(TestNG.java:1176)
at org.testng.TestNG.runSuites(TestNG.java:1099)
at org.testng.TestNG.run(TestNG.java:1067)
at org.testng.remote.AbstractRemoteTestNG.run(AbstractRemoteTestNG.java:115)
at org.testng.remote.RemoteTestNG.initAndRun(RemoteTestNG.java:251)
at org.testng.remote.RemoteTestNG.main(RemoteTestNG.java:77)
Caused by: org.openqa.selenium.NoSuchElementException: no such element: Unable to locate element: {"method":"css selector","selector":"#userName"}
  (Session info: chrome=108.0.5359.99)
For documentation on this error, please visit: https://selenium.dev/exceptions/#no_such_element
Build info: version: '4.3.0', revision: 'a4995e2c09*'
System info: host: '5CD127F76Z', ip: '192.168.0.103', os.name: 'Windows 10', os.arch: 'amd64', os.version: '10.0', java.version: '17.0.2'
Driver info: org.openqa.selenium.chrome.ChromeDriver
Command: [d8d85c5943d7c9b49ff546903d9838e0, findElement {using=id, value=userName}]
Capabilities {acceptInsecureCerts: false, browserName: chrome, browserVersion: 108.0.5359.99, chrome: {chromedriverVersion: 108.0.5359.71 (1e0e3868ee06..., userDataDir: C:\Users\102789\AppData\Loc...}, goog:chromeOptions: {debuggerAddress: localhost:63601}, networkConnectionEnabled: false, pageLoadStrategy: normal, platformName: WINDOWS, proxy: Proxy(), se:cdp: ws://localhost:63601/devtoo..., se:cdpVersion: 108.0.5359.99, setWindowRect: true, strictFileInteractability: false, timeouts: {implicit: 0, pageLoad: 300000, script: 30000}, unhandledPromptBehavior: dismiss and notify, webauthn:extension:credBlob: true, webauthn:extension:largeBlob: true, webauthn:virtualAuthenticators: true}
Session ID: d8d85c5943d7c9b49ff546903d9838e0
at java.base/jdk.internal.reflect.NativeConstructorAccessorImpl.newInstance0(Native Method)
at java.base/jdk.internal.reflect.NativeConstructorAccessorImpl.newInstance(NativeConstructorAccessorImpl.java:77)
at java.base/jdk.internal.reflect.DelegatingConstructorAccessorImpl.newInstance(DelegatingConstructorAccessorImpl.java:45)
at java.base/java.lang.reflect.Constructor.newInstanceWithCaller(Constructor.java:499)
at java.base/java.lang.reflect.Constructor.newInstance(Constructor.java:480)
at org.openqa.selenium.remote.codec.w3c.W3CHttpResponseCodec.createException(W3CHttpResponseCodec.java:200)
at org.openqa.selenium.remote.codec.w3c.W3CHttpResponseCodec.decode(W3CHttpResponseCodec.java:133)
at org.openqa.selenium.remote.codec.w3c.W3CHttpResponseCodec.decode(W3CHttpResponseCodec.java:53)
at org.openqa.selenium.remote.HttpCommandExecutor.execute(HttpCommandExecutor.java:184)
at org.openqa.selenium.remote.service.DriverCommandExecutor.invokeExecute(DriverCommandExecutor.java:167)
at org.openqa.selenium.remote.service.DriverCommandExecutor.execute(DriverCommandExecutor.java:142)
at org.openqa.selenium.remote.RemoteWebDriver.execute(RemoteWebDriver.java:569)
at org.openqa.selenium.remote.ElementLocation$ElementFinder$2.findElement(ElementLocation.java:162)
at org.openqa.selenium.remote.ElementLocation.findElement(ElementLocation.java:60)
at org.openqa.selenium.remote.RemoteWebDriver.findElement(RemoteWebDriver.java:387)
at org.openqa.selenium.remote.RemoteWebDriver.findElement(RemoteWebDriver.java:379)
at org.openqa.selenium.support.pagefactory.DefaultElementLocator.findElement(DefaultElementLocator.java:70)
at org.openqa.selenium.support.pagefactory.internal.LocatingElementHandler.invoke(LocatingElementHandler.java:39)
at jdk.proxy2/jdk.proxy2.$Proxy18.isDisplayed(Unknown Source)
at org.openqa.selenium.support.ui.ExpectedConditions.elementIfVisible(ExpectedConditions.java:307)
at org.openqa.selenium.support.ui.ExpectedConditions.access$000(ExpectedConditions.java:40)
at org.openqa.selenium.support.ui.ExpectedConditions$10.apply(ExpectedConditions.java:293)
at org.openqa.selenium.support.ui.ExpectedConditions$10.apply(ExpectedConditions.java:290)
at org.openqa.selenium.support.ui.FluentWait.until(FluentWait.java:208)
... 30 more
]]>
            </full-stacktrace>
          </exception> <!-- org.openqa.selenium.TimeoutException -->
          <reporter-output>
          </reporter-output>
        </test-method> <!-- textBox -->
        <test-method is-config="true" signature="tearDown()[pri:0, instance:com.testcases.TC_1_TextBox@74bf1791]" started-at="2022-12-14T13:36:36 IST" name="tearDown" finished-at="2022-12-14T13:36:36 IST" duration-ms="1" status="PASS">
          <reporter-output>
          </reporter-output>
        </test-method> <!-- tearDown -->
      </class> <!-- com.testcases.TC_1_TextBox -->
    </test> <!-- TextBox Module -->
    <test started-at="2022-12-14T13:36:36 IST" name="WebTable Module" finished-at="2022-12-14T13:36:50 IST" duration-ms="14344">
      <class name="com.testcases.TC_2_WebTable">
        <test-method is-config="true" signature="setUp()[pri:0, instance:com.testcases.TC_2_WebTable@673be18f]" started-at="2022-12-14T13:36:36 IST" name="setUp" finished-at="2022-12-14T13:36:48 IST" duration-ms="11860" status="PASS">
          <reporter-output>
          </reporter-output>
        </test-method> <!-- setUp -->
        <test-method signature="webTable(java.lang.String,java.lang.String,java.lang.String,java.lang.String,java.lang.String,java.lang.String)[pri:0, instance:com.testcases.TC_2_WebTable@673be18f]" started-at="2022-12-14T13:36:48 IST" name="webTable" data-provider="TC_2_testData" finished-at="2022-12-14T13:36:50 IST" duration-ms="2452" status="PASS">
          <params>
            <param index="0">
              <value>
                <![CDATA[Sandhya Rani]]>
              </value>
            </param>
            <param index="1">
              <value>
                <![CDATA[Janapana]]>
              </value>
            </param>
            <param index="2">
              <value>
                <![CDATA[Sandhya@gmail.com]]>
              </value>
            </param>
            <param index="3">
              <value>
                <![CDATA[23]]>
              </value>
            </param>
            <param index="4">
              <value>
                <![CDATA[30000]]>
              </value>
            </param>
            <param index="5">
              <value>
                <![CDATA[Beautician]]>
              </value>
            </param>
          </params>
          <reporter-output>
          </reporter-output>
        </test-method> <!-- webTable -->
        <test-method is-config="true" signature="tearDown()[pri:0, instance:com.testcases.TC_2_WebTable@673be18f]" started-at="2022-12-14T13:36:50 IST" name="tearDown" finished-at="2022-12-14T13:36:50 IST" duration-ms="1" status="PASS">
          <reporter-output>
          </reporter-output>
        </test-method> <!-- tearDown -->
      </class> <!-- com.testcases.TC_2_WebTable -->
    </test> <!-- WebTable Module -->
    <test started-at="2022-12-14T13:36:50 IST" name="PageForm Module" finished-at="2022-12-14T13:37:05 IST" duration-ms="14571">
      <class name="com.testcases.TC_3_PageForm">
        <test-method is-config="true" signature="setUp()[pri:0, instance:com.testcases.TC_3_PageForm@58326051]" started-at="2022-12-14T13:36:50 IST" name="setUp" finished-at="2022-12-14T13:37:04 IST" duration-ms="13232" status="PASS">
          <reporter-output>
          </reporter-output>
        </test-method> <!-- setUp -->
        <test-method signature="pageForm()[pri:0, instance:com.testcases.TC_3_PageForm@58326051]" started-at="2022-12-14T13:37:04 IST" name="pageForm" finished-at="2022-12-14T13:37:05 IST" duration-ms="1307" status="PASS">
          <reporter-output>
          </reporter-output>
        </test-method> <!-- pageForm -->
        <test-method is-config="true" signature="tearDown()[pri:0, instance:com.testcases.TC_3_PageForm@58326051]" started-at="2022-12-14T13:37:05 IST" name="tearDown" finished-at="2022-12-14T13:37:05 IST" duration-ms="0" status="PASS">
          <reporter-output>
          </reporter-output>
        </test-method> <!-- tearDown -->
      </class> <!-- com.testcases.TC_3_PageForm -->
    </test> <!-- PageForm Module -->
    <test started-at="2022-12-14T13:37:05 IST" name="Widgets Module" finished-at="2022-12-14T13:37:18 IST" duration-ms="12848">
      <class name="com.testcases.TC_4_Widgets">
        <test-method is-config="true" signature="setUp()[pri:0, instance:com.testcases.TC_4_Widgets@7ae42ce3]" started-at="2022-12-14T13:37:05 IST" name="setUp" finished-at="2022-12-14T13:37:17 IST" duration-ms="12180" status="PASS">
          <reporter-output>
          </reporter-output>
        </test-method> <!-- setUp -->
        <test-method signature="widgets()[pri:0, instance:com.testcases.TC_4_Widgets@7ae42ce3]" started-at="2022-12-14T13:37:17 IST" name="widgets" finished-at="2022-12-14T13:37:18 IST" duration-ms="638" status="PASS">
          <reporter-output>
          </reporter-output>
        </test-method> <!-- widgets -->
        <test-method is-config="true" signature="tearDown()[pri:0, instance:com.testcases.TC_4_Widgets@7ae42ce3]" started-at="2022-12-14T13:37:18 IST" name="tearDown" finished-at="2022-12-14T13:37:18 IST" duration-ms="0" status="PASS">
          <reporter-output>
          </reporter-output>
        </test-method> <!-- tearDown -->
      </class> <!-- com.testcases.TC_4_Widgets -->
    </test> <!-- Widgets Module -->
  </suite> <!-- Regression Suite -->
</testng-results>
